============================= test session starts =============================
platform win32 -- Python 3.11.0, pytest-8.3.3, pluggy-1.6.0
rootdir: C:\Users\Gayathri\.gemini\antigravity\scratch\GenAIBootcamp_Milestone2\WeeklyPulse_PlaystoreReviews
plugins: anyio-4.12.1, asyncio-1.3.0
asyncio: mode=Mode.STRICT, debug=False, asyncio_default_fixture_loop_scope=None, asyncio_default_test_loop_scope=function
collected 2 items

tests\test_phase10b.py ..                                                [100%]

============================== 2 passed in 0.06s ==============================
